[debug] [2023-03-19T19:17:03.733Z] ----------------------------------------------------------------------
[debug] [2023-03-19T19:17:03.734Z] Command:       C:\Program Files\nodejs\node.exe C:\Users\luisg\OneDrive\Desktop\MDC\to-do_list_app\node_modules\firebase-tools\lib\bin\firebase.js deploy
[debug] [2023-03-19T19:17:03.735Z] CLI Version:   11.24.1
[debug] [2023-03-19T19:17:03.735Z] Platform:      win32
[debug] [2023-03-19T19:17:03.735Z] Node Version:  v18.14.0
[debug] [2023-03-19T19:17:03.736Z] Time:          Sun Mar 19 2023 15:17:03 GMT-0400 (Eastern Daylight Time)
[debug] [2023-03-19T19:17:03.736Z] ----------------------------------------------------------------------
[debug] 
[debug] [2023-03-19T19:17:03.796Z] > command requires scopes: ["email","openid","https://www.googleapis.com/auth/cloudplatformprojects.readonly","https://www.googleapis.com/auth/firebase","https://www.googleapis.com/auth/cloud-platform"]
[debug] [2023-03-19T19:17:03.796Z] > authorizing via signed-in user (luisgarcia1437@gmail.com)
[debug] [2023-03-19T19:17:03.796Z] [iam] checking project todo-list2023 for permissions ["firebase.projects.get","firebasehosting.sites.update"]
[debug] [2023-03-19T19:17:03.798Z] >>> [apiv2][query] POST https://cloudresourcemanager.googleapis.com/v1/projects/todo-list2023:testIamPermissions [none]
[debug] [2023-03-19T19:17:03.799Z] >>> [apiv2][(partial)header] POST https://cloudresourcemanager.googleapis.com/v1/projects/todo-list2023:testIamPermissions x-goog-quota-user=projects/todo-list2023
[debug] [2023-03-19T19:17:03.799Z] >>> [apiv2][body] POST https://cloudresourcemanager.googleapis.com/v1/projects/todo-list2023:testIamPermissions {"permissions":["firebase.projects.get","firebasehosting.sites.update"]}
[debug] [2023-03-19T19:17:04.056Z] <<< [apiv2][status] POST https://cloudresourcemanager.googleapis.com/v1/projects/todo-list2023:testIamPermissions 200
[debug] [2023-03-19T19:17:04.057Z] <<< [apiv2][body] POST https://cloudresourcemanager.googleapis.com/v1/projects/todo-list2023:testIamPermissions {"permissions":["firebase.projects.get","firebasehosting.sites.update"]}
[debug] [2023-03-19T19:17:04.058Z] >>> [apiv2][query] GET https://firebase.googleapis.com/v1beta1/projects/todo-list2023 [none]
[debug] [2023-03-19T19:17:04.379Z] <<< [apiv2][status] GET https://firebase.googleapis.com/v1beta1/projects/todo-list2023 200
[debug] [2023-03-19T19:17:04.379Z] <<< [apiv2][body] GET https://firebase.googleapis.com/v1beta1/projects/todo-list2023 {"projectId":"todo-list2023","projectNumber":"818414082246","displayName":"ToDo-List2023","name":"projects/todo-list2023","resources":{"hostingSite":"todo-list2023"},"state":"ACTIVE","etag":"1_be08c86f-39a7-41db-8c30-d57d3baa53dd"}
[debug] [2023-03-19T19:17:08.030Z] >>> [apiv2][query] GET https://firebasehosting.googleapis.com/v1beta1/projects/todo-list2023/sites pageToken=&pageSize=10
[debug] [2023-03-19T19:17:09.043Z] <<< [apiv2][status] GET https://firebasehosting.googleapis.com/v1beta1/projects/todo-list2023/sites 200
[debug] [2023-03-19T19:17:09.043Z] <<< [apiv2][body] GET https://firebasehosting.googleapis.com/v1beta1/projects/todo-list2023/sites {"sites":[{"name":"projects/todo-list2023/sites/todo-list2023","defaultUrl":"https://todo-list2023.web.app","appId":"1:818414082246:web:352e74669036c467c85fc7","type":"DEFAULT_SITE"}]}
[debug] [2023-03-19T19:17:09.043Z] >>> [apiv2][query] GET https://firebase.googleapis.com/v1beta1/projects/-/webApps/1:818414082246:web:352e74669036c467c85fc7/config [none]
[debug] [2023-03-19T19:17:09.452Z] <<< [apiv2][status] GET https://firebase.googleapis.com/v1beta1/projects/-/webApps/1:818414082246:web:352e74669036c467c85fc7/config 200
[debug] [2023-03-19T19:17:09.452Z] <<< [apiv2][body] GET https://firebase.googleapis.com/v1beta1/projects/-/webApps/1:818414082246:web:352e74669036c467c85fc7/config {"projectId":"todo-list2023","appId":"1:818414082246:web:352e74669036c467c85fc7","storageBucket":"todo-list2023.appspot.com","apiKey":"AIzaSyDtEr7J6Z2y8qOqDw6TR_mLNacrhWUMy2o","authDomain":"todo-list2023.firebaseapp.com","messagingSenderId":"818414082246","measurementId":"G-9DX6FQLFPX"}
[debug] [2023-03-19T19:17:18.001Z] Error: Build failed because of webpack errors
    at webpackBuildImpl (C:\Users\luisg\OneDrive\Desktop\MDC\to-do_list_app\node_modules\next\dist\build\webpack-build.js:245:21)
    at async Object.webpackBuild (C:\Users\luisg\OneDrive\Desktop\MDC\to-do_list_app\node_modules\next\dist\build\webpack-build.js:373:16)
    at async C:\Users\luisg\OneDrive\Desktop\MDC\to-do_list_app\node_modules\next\dist\build\index.js:488:77
    at async Span.traceAsyncFn (C:\Users\luisg\OneDrive\Desktop\MDC\to-do_list_app\node_modules\next\dist\trace\trace.js:79:20)
    at async build (C:\Users\luisg\OneDrive\Desktop\MDC\to-do_list_app\node_modules\next\dist\build\index.js:73:29)
    at async build (C:\Users\luisg\OneDrive\Desktop\MDC\to-do_list_app\node_modules\firebase-tools\lib\frameworks\next\index.js:55:5)
    at async prepareFrameworks (C:\Users\luisg\OneDrive\Desktop\MDC\to-do_list_app\node_modules\firebase-tools\lib\frameworks\index.js:261:108)
    at async deploy (C:\Users\luisg\OneDrive\Desktop\MDC\to-do_list_app\node_modules\firebase-tools\lib\deploy\index.js:53:13)
[error] 
[error] Error: An unexpected error has occurred.
